<?xml version="1.0" encoding="UTF-8"?>
<testng-results ignored="0" total="1" passed="1" failed="0" skipped="0">
  <reporter-output>
  </reporter-output>
  <suite started-at="2023-06-13T09:36:40 IST" name="Default suite" finished-at="2023-06-13T09:37:08 IST" duration-ms="28175">
    <groups>
      <group name="cucumber">
        <method signature="AbstractTestNGCucumberTests.runScenario(io.cucumber.testng.PickleWrapper,io.cucumber.testng.FeatureWrapper)[pri:0, instance:runners.RegressionRunner@3eb7fc54]" name="runScenario" class="io.cucumber.testng.AbstractTestNGCucumberTests"/>
      </group> <!-- cucumber -->
    </groups>
    <test started-at="2023-06-13T09:36:40 IST" name="Default test" finished-at="2023-06-13T09:37:08 IST" duration-ms="28175">
      <class name="runners.RegressionRunner">
        <test-method is-config="true" signature="setUpClass(org.testng.ITestContext)[pri:0, instance:runners.RegressionRunner@3eb7fc54]" started-at="2023-06-13T09:36:40 IST" name="setUpClass" finished-at="2023-06-13T09:36:40 IST" duration-ms="144" status="PASS">
          <params>
            <param index="0">
              <value>
                <![CDATA[org.testng.TestRunner@718dbd79]]>
              </value>
            </param>
          </params>
          <reporter-output>
          </reporter-output>
        </test-method> <!-- setUpClass -->
        <test-method signature="runScenario(io.cucumber.testng.PickleWrapper,io.cucumber.testng.FeatureWrapper)[pri:0, instance:runners.RegressionRunner@3eb7fc54]" started-at="2023-06-13T09:36:40 IST" name="runScenario" description="Runs Cucumber Scenarios" data-provider="scenarios" finished-at="2023-06-13T09:37:08 IST" duration-ms="28015" status="PASS">
          <params>
            <param index="0">
              <value>
                <![CDATA["Book the ticket for lowest priced flight"]]>
              </value>
            </param>
            <param index="1">
              <value>
                <![CDATA["verifying the book flights feature"]]>
              </value>
            </param>
          </params>
          <reporter-output>
          </reporter-output>
        </test-method> <!-- runScenario -->
        <test-method is-config="true" signature="tearDownClass()[pri:0, instance:runners.RegressionRunner@3eb7fc54]" started-at="2023-06-13T09:37:08 IST" name="tearDownClass" finished-at="2023-06-13T09:37:08 IST" duration-ms="1" status="PASS">
          <reporter-output>
          </reporter-output>
        </test-method> <!-- tearDownClass -->
      </class> <!-- runners.RegressionRunner -->
    </test> <!-- Default test -->
  </suite> <!-- Default suite -->
</testng-results>
